<?xml version="1.0" encoding="UTF-8"?>
<!-- Generated by org.testng.reporters.JUnitXMLReporter -->
<testsuite hostname="DESKTOP-E2UK2LO" name="seleniumdemo1701" tests="2" failures="1" timestamp="2 Dec 2019 11:55:03 GMT" time="69.429" errors="0">
  <testcase name="openEdge" time="0.055" classname="Browerdemo.openchrome">
    <failure type="java.lang.IllegalStateException" message="The driver executable does not exist: E:\seleniumdemo1701\drivers\chromedriver.exe">
      <![CDATA[java.lang.IllegalStateException: The driver executable does not exist: E:\seleniumdemo1701\drivers\chromedriver.exe
	at com.google.common.base.Preconditions.checkState(Preconditions.java:199)
	at org.openqa.selenium.remote.service.DriverService.checkExecutable(DriverService.java:121)
	at org.openqa.selenium.remote.service.DriverService.findExecutable(DriverService.java:116)
	at org.openqa.selenium.edge.EdgeDriverService.access$000(EdgeDriverService.java:33)
	at org.openqa.selenium.edge.EdgeDriverService$Builder.findDefaultExecutable(EdgeDriverService.java:63)
	at org.openqa.selenium.remote.service.DriverService$Builder.build(DriverService.java:296)
	at org.openqa.selenium.edge.EdgeDriverService.createDefaultService(EdgeDriverService.java:55)
	at org.openqa.selenium.edge.EdgeDriver.<init>(EdgeDriver.java:98)
	at Browerdemo.openchrome.openEdge(openchrome.java:31)
... Removed 27 stack frames]]>
    </failure>
  </testcase> <!-- openEdge -->
  <testcase name="openchrome" time="62.043" classname="Browerdemo.openchrome"/>
</testsuite> <!-- seleniumdemo1701 -->
